# JRE version: Java(TM) SE Runtime Environment (12.0.1+12) (build 12.0.1+12)
# Java VM: Java HotSpot(TM) 64-Bit Server VM (12.0.1+12, mixed mode, sharing, tiered, compressed oops, g1 gc, linux-amd64)
Heap:
 garbage-first heap   total 1018880K, used 364365K [0x0000000084a00000, 0x0000000100000000)
  region size 1024K, 16 young (16384K), 16 survivors (16384K)
 Metaspace       used 35069K, capacity 36086K, committed 36176K, reserved 1081344K
  class space    used 4179K, capacity 4596K, committed 4608K, reserved 1048576K
GC Heap History (10 events):
Event: 7,094 GC heap after
{Heap after GC invocations=26 (full 0):
 garbage-first heap   total 274432K, used 141645K [0x0000000084a00000, 0x0000000100000000)
  region size 1024K, 7 young (7168K), 7 survivors (7168K)
 Metaspace       used 35069K, capacity 36086K, committed 36176K, reserved 1081344K
  class space    used 4179K, capacity 4596K, committed 4608K, reserved 1048576K
}
Event: 7,344 GC heap before
{Heap before GC invocations=26 (full 0):
 garbage-first heap   total 274432K, used 185677K [0x0000000084a00000, 0x0000000100000000)
  region size 1024K, 50 young (51200K), 7 survivors (7168K)
 Metaspace       used 35069K, capacity 36086K, committed 36176K, reserved 1081344K
  class space    used 4179K, capacity 4596K, committed 4608K, reserved 1048576K
}
Event: 7,375 GC heap after
{Heap after GC invocations=27 (full 0):
 garbage-first heap   total 629760K, used 160589K [0x0000000084a00000, 0x0000000100000000)
  region size 1024K, 7 young (7168K), 7 survivors (7168K)
 Metaspace       used 35069K, capacity 36086K, committed 36176K, reserved 1081344K
  class space    used 4179K, capacity 4596K, committed 4608K, reserved 1048576K
}
Event: 8,331 GC heap before
{Heap before GC invocations=27 (full 0):
 garbage-first heap   total 629760K, used 298829K [0x0000000084a00000, 0x0000000100000000)
  region size 1024K, 142 young (145408K), 7 survivors (7168K)
 Metaspace       used 35069K, capacity 36086K, committed 36176K, reserved 1081344K
  class space    used 4179K, capacity 4596K, committed 4608K, reserved 1048576K
}
Event: 8,427 GC heap after
{Heap after GC invocations=28 (full 0):
 garbage-first heap   total 629760K, used 216558K [0x0000000084a00000, 0x0000000100000000)
  region size 1024K, 18 young (18432K), 18 survivors (18432K)
 Metaspace       used 35069K, capacity 36086K, committed 36176K, reserved 1081344K
  class space    used 4179K, capacity 4596K, committed 4608K, reserved 1048576K
}
Event: 9,089 GC heap before
{Heap before GC invocations=29 (full 0):
 garbage-first heap   total 629760K, used 351726K [0x0000000084a00000, 0x0000000100000000)
  region size 1024K, 150 young (153600K), 18 survivors (18432K)
 Metaspace       used 35069K, capacity 36086K, committed 36176K, reserved 1081344K
  class space    used 4179K, capacity 4596K, committed 4608K, reserved 1048576K
}
Event: 9,197 GC heap after
{Heap after GC invocations=30 (full 0):
 garbage-first heap   total 629760K, used 270709K [0x0000000084a00000, 0x0000000100000000)
  region size 1024K, 19 young (19456K), 19 survivors (19456K)
 Metaspace       used 35069K, capacity 36086K, committed 36176K, reserved 1081344K
  class space    used 4179K, capacity 4596K, committed 4608K, reserved 1048576K
}
Event: 9,781 GC heap before
{Heap before GC invocations=30 (full 0):
 garbage-first heap   total 629760K, used 393589K [0x0000000084a00000, 0x0000000100000000)
  region size 1024K, 139 young (142336K), 19 survivors (19456K)
 Metaspace       used 35069K, capacity 36086K, committed 36176K, reserved 1081344K
  class space    used 4179K, capacity 4596K, committed 4608K, reserved 1048576K
}
Event: 9,852 GC heap after
{Heap after GC invocations=31 (full 0):
 garbage-first heap   total 629760K, used 320333K [0x0000000084a00000, 0x0000000100000000)
  region size 1024K, 18 young (18432K), 18 survivors (18432K)
 Metaspace       used 35069K, capacity 36086K, committed 36176K, reserved 1081344K
  class space    used 4179K, capacity 4596K, committed 4608K, reserved 1048576K
}
Event: 10,168 GC heap before
{Heap before GC invocations=31 (full 0):
 garbage-first heap   total 629760K, used 429901K [0x0000000084a00000, 0x0000000100000000)
  region size 1024K, 125 young (128000K), 18 survivors (18432K)
 Metaspace       used 35069K, capacity 36086K, committed 36176K, reserved 1081344K
  class space    used 4179K, capacity 4596K, committed 4608K, reserved 1048576K
}

